# JRE version: Java(TM) SE Runtime Environment (21.0.10+8) (build 21.0.10+8-LTS-217)
# Java VM: Java HotSpot(TM) 64-Bit Server VM (21.0.10+8-LTS-217, mixed mode, sharing, tiered, compressed oops, compressed class ptrs, g1 gc, windows-amd64)
GC Precious Log:
 CardTable entry size: 512
 Card Set container configuration: InlinePtr #cards 5 size 8 Array Of Cards #cards 12 size 40 Howl #buckets 4 coarsen threshold 1843 Howl Bitmap #cards 512 size 80 coarsen threshold 460 Card regions per heap region 1 cards per card region 2048
 CPUs: 6 total, 6 available
 Memory: 8191M
 Large Page Support: Disabled
 NUMA Support: Disabled
 Compressed Oops: Enabled (32-bit)
 Heap Region Size: 1M
 Heap Min Capacity: 8M
 Heap Initial Capacity: 128M
 Heap Max Capacity: 2G
 Pre-touch: Disabled
 Parallel Workers: 6
 Concurrent Workers: 2
 Concurrent Refinement Workers: 6
 Periodic GC: Disabled
Heap:
 garbage-first heap   total 153600K, used 126967K [0x0000000080000000, 0x0000000100000000)
  region size 1024K, 15 young (15360K), 3 survivors (3072K)
 Metaspace       used 74306K, committed 76800K, reserved 1114112K
  class space    used 10508K, committed 11776K, reserved 1048576K
GC Heap History (20 events):
Event: 15.326 GC heap before
{Heap before GC invocations=14 (full 0):
 garbage-first heap   total 89088K, used 79130K [0x0000000080000000, 0x0000000100000000)
  region size 1024K, 38 young (38912K), 4 survivors (4096K)
 Metaspace       used 56354K, committed 58496K, reserved 1114112K
  class space    used 8225K, committed 9280K, reserved 1048576K
}
Event: 15.336 GC heap after
{Heap after GC invocations=15 (full 0):
 garbage-first heap   total 107520K, used 46092K [0x0000000080000000, 0x0000000100000000)
  region size 1024K, 4 young (4096K), 4 survivors (4096K)
 Metaspace       used 56354K, committed 58496K, reserved 1114112K
  class space    used 8225K, committed 9280K, reserved 1048576K
}
Event: 16.905 GC heap before
{Heap before GC invocations=16 (full 0):
 garbage-first heap   total 107520K, used 92172K [0x0000000080000000, 0x0000000100000000)
  region size 1024K, 50 young (51200K), 4 survivors (4096K)
 Metaspace       used 61192K, committed 63360K, reserved 1114112K
  class space    used 8832K, committed 9920K, reserved 1048576K
}
Event: 16.918 GC heap after
{Heap after GC invocations=17 (full 0):
 garbage-first heap   total 107520K, used 52153K [0x0000000080000000, 0x0000000100000000)
  region size 1024K, 7 young (7168K), 7 survivors (7168K)
 Metaspace       used 61192K, committed 63360K, reserved 1114112K
  class space    used 8832K, committed 9920K, reserved 1048576K
}
Event: 19.154 GC heap before
{Heap before GC invocations=17 (full 0):
 garbage-first heap   total 107520K, used 93113K [0x0000000080000000, 0x0000000100000000)
  region size 1024K, 48 young (49152K), 7 survivors (7168K)
 Metaspace       used 64493K, committed 66880K, reserved 1114112K
  class space    used 9256K, committed 10432K, reserved 1048576K
}
Event: 19.167 GC heap after
{Heap after GC invocations=18 (full 0):
 garbage-first heap   total 107520K, used 54867K [0x0000000080000000, 0x0000000100000000)
  region size 1024K, 4 young (4096K), 4 survivors (4096K)
 Metaspace       used 64493K, committed 66880K, reserved 1114112K
  class space    used 9256K, committed 10432K, reserved 1048576K
}
Event: 20.326 GC heap before
{Heap before GC invocations=18 (full 0):
 garbage-first heap   total 107520K, used 95827K [0x0000000080000000, 0x0000000100000000)
  region size 1024K, 44 young (45056K), 4 survivors (4096K)
 Metaspace       used 66991K, committed 69312K, reserved 1114112K
  class space    used 9652K, committed 10816K, reserved 1048576K
}
Event: 20.335 GC heap after
{Heap after GC invocations=19 (full 0):
 garbage-first heap   total 107520K, used 57070K [0x0000000080000000, 0x0000000100000000)
  region size 1024K, 3 young (3072K), 3 survivors (3072K)
 Metaspace       used 66991K, committed 69312K, reserved 1114112K
  class space    used 9652K, committed 10816K, reserved 1048576K
}
Event: 21.573 GC heap before
{Heap before GC invocations=20 (full 0):
 garbage-first heap   total 107520K, used 95982K [0x0000000080000000, 0x0000000100000000)
  region size 1024K, 42 young (43008K), 3 survivors (3072K)
 Metaspace       used 70043K, committed 72448K, reserved 1114112K
  class space    used 10015K, committed 11200K, reserved 1048576K
}
Event: 21.581 GC heap after
{Heap after GC invocations=21 (full 0):
 garbage-first heap   total 107520K, used 61873K [0x0000000080000000, 0x0000000100000000)
  region size 1024K, 6 young (6144K), 6 survivors (6144K)
 Metaspace       used 70043K, committed 72448K, reserved 1114112K
  class space    used 10015K, committed 11200K, reserved 1048576K
}
Event: 24.740 GC heap before
{Heap before GC invocations=21 (full 0):
 garbage-first heap   total 107520K, used 94641K [0x0000000080000000, 0x0000000100000000)
  region size 1024K, 38 young (38912K), 6 survivors (6144K)
 Metaspace       used 73167K, committed 75648K, reserved 1114112K
  class space    used 10419K, committed 11648K, reserved 1048576K
}
Event: 24.753 GC heap after
{Heap after GC invocations=22 (full 0):
 garbage-first heap   total 107520K, used 63861K [0x0000000080000000, 0x0000000100000000)
  region size 1024K, 3 young (3072K), 3 survivors (3072K)
 Metaspace       used 73167K, committed 75648K, reserved 1114112K
  class space    used 10419K, committed 11648K, reserved 1048576K
}
Event: 25.966 GC heap before
{Heap before GC invocations=22 (full 0):
 garbage-first heap   total 107520K, used 91509K [0x0000000080000000, 0x0000000100000000)
  region size 1024K, 32 young (32768K), 3 survivors (3072K)
 Metaspace       used 73688K, committed 76160K, reserved 1114112K
  class space    used 10459K, committed 11712K, reserved 1048576K
}
Event: 25.988 GC heap after
{Heap after GC invocations=23 (full 0):
 garbage-first heap   total 116736K, used 83968K [0x0000000080000000, 0x0000000100000000)
  region size 1024K, 5 young (5120K), 5 survivors (5120K)
 Metaspace       used 73688K, committed 76160K, reserved 1114112K
  class space    used 10459K, committed 11712K, reserved 1048576K
}
Event: 26.239 GC heap before
{Heap before GC invocations=24 (full 0):
 garbage-first heap   total 153600K, used 101376K [0x0000000080000000, 0x0000000100000000)
  region size 1024K, 21 young (21504K), 5 survivors (5120K)
 Metaspace       used 73723K, committed 76224K, reserved 1114112K
  class space    used 10459K, committed 11712K, reserved 1048576K
}
Event: 26.262 GC heap after
{Heap after GC invocations=25 (full 0):
 garbage-first heap   total 153600K, used 98304K [0x0000000080000000, 0x0000000100000000)
  region size 1024K, 3 young (3072K), 3 survivors (3072K)
 Metaspace       used 73723K, committed 76224K, reserved 1114112K
  class space    used 10459K, committed 11712K, reserved 1048576K
}
Event: 26.593 GC heap before
{Heap before GC invocations=25 (full 0):
 garbage-first heap   total 153600K, used 119808K [0x0000000080000000, 0x0000000100000000)
  region size 1024K, 25 young (25600K), 3 survivors (3072K)
 Metaspace       used 73896K, committed 76352K, reserved 1114112K
  class space    used 10485K, committed 11712K, reserved 1048576K
}
Event: 26.615 GC heap after
{Heap after GC invocations=26 (full 0):
 garbage-first heap   total 153600K, used 113619K [0x0000000080000000, 0x0000000100000000)
  region size 1024K, 4 young (4096K), 4 survivors (4096K)
 Metaspace       used 73896K, committed 76352K, reserved 1114112K
  class space    used 10485K, committed 11712K, reserved 1048576K
}
Event: 26.808 GC heap before
{Heap before GC invocations=26 (full 0):
 garbage-first heap   total 153600K, used 127955K [0x0000000080000000, 0x0000000100000000)
  region size 1024K, 19 young (19456K), 4 survivors (4096K)
 Metaspace       used 74243K, committed 76736K, reserved 1114112K
  class space    used 10508K, committed 11776K, reserved 1048576K
}
Event: 26.818 GC heap after
{Heap after GC invocations=27 (full 0):
 garbage-first heap   total 153600K, used 116727K [0x0000000080000000, 0x0000000100000000)
  region size 1024K, 3 young (3072K), 3 survivors (3072K)
 Metaspace       used 74243K, committed 76736K, reserved 1114112K
  class space    used 10508K, committed 11776K, reserved 1048576K
}

